C:\USERS\SOLLA\DOCUMENTS\VISUAL STUDIO 2012\PROJECTS\OOPLABWORK01\OOPLABWORK01\DEBUG\OOPLABWORK01.PCH
C:\USERS\SOLLA\DOCUMENTS\VISUAL STUDIO 2012\PROJECTS\OOPLABWORK01\OOPLABWORK01\DEBUG\STDAFX.OBJ
C:\USERS\SOLLA\DOCUMENTS\VISUAL STUDIO 2012\PROJECTS\OOPLABWORK01\OOPLABWORK01\DEBUG\VC110.PDB
C:\USERS\SOLLA\DOCUMENTS\VISUAL STUDIO 2012\PROJECTS\OOPLABWORK01\OOPLABWORK01\DEBUG\OOPLABWORK01.OBJ
C:\USERS\SOLLA\DOCUMENTS\VISUAL STUDIO 2012\PROJECTS\OOPLABWORK01\OOPLABWORK01\DEBUG\SET.OBJ
C:\USERS\SOLLA\DOCUMENTS\VISUAL STUDIO 2012\PROJECTS\OOPLABWORK01\DEBUG\OOPLABWORK01.ILK
C:\USERS\SOLLA\DOCUMENTS\VISUAL STUDIO 2012\PROJECTS\OOPLABWORK01\DEBUG\OOPLABWORK01.EXE
C:\USERS\SOLLA\DOCUMENTS\VISUAL STUDIO 2012\PROJECTS\OOPLABWORK01\DEBUG\OOPLABWORK01.PDB
C:\Users\SolLA\documents\visual studio 2012\Projects\OOPLabWork01\OOPLabWork01\Debug\OOPLabWork01.obj
C:\Users\SolLA\documents\visual studio 2012\Projects\OOPLabWork01\OOPLabWork01\Debug\Set.obj
C:\Users\SolLA\documents\visual studio 2012\Projects\OOPLabWork01\OOPLabWork01\Debug\stdafx.obj
C:\Users\SolLA\documents\visual studio 2012\Projects\OOPLabWork01\OOPLabWork01\Debug\cl.command.1.tlog
C:\Users\SolLA\documents\visual studio 2012\Projects\OOPLabWork01\OOPLabWork01\Debug\CL.read.1.tlog
C:\Users\SolLA\documents\visual studio 2012\Projects\OOPLabWork01\OOPLabWork01\Debug\CL.write.1.tlog
C:\Users\SolLA\documents\visual studio 2012\Projects\OOPLabWork01\OOPLabWork01\Debug\link-cvtres.read.1.tlog
C:\Users\SolLA\documents\visual studio 2012\Projects\OOPLabWork01\OOPLabWork01\Debug\link-cvtres.write.1.tlog
C:\Users\SolLA\documents\visual studio 2012\Projects\OOPLabWork01\OOPLabWork01\Debug\link-rc.read.1.tlog
C:\Users\SolLA\documents\visual studio 2012\Projects\OOPLabWork01\OOPLabWork01\Debug\link-rc.write.1.tlog
C:\Users\SolLA\documents\visual studio 2012\Projects\OOPLabWork01\OOPLabWork01\Debug\link.command.1.tlog
C:\Users\SolLA\documents\visual studio 2012\Projects\OOPLabWork01\OOPLabWork01\Debug\link.read.1.tlog
C:\Users\SolLA\documents\visual studio 2012\Projects\OOPLabWork01\OOPLabWork01\Debug\link.write.1.tlog
C:\Users\SolLA\documents\visual studio 2012\Projects\OOPLabWork01\OOPLabWork01\Debug\OOPLabWork01.pch
C:\Users\SolLA\documents\visual studio 2012\Projects\OOPLabWork01\OOPLabWork01\Debug\vc110.idb
C:\Users\SolLA\documents\visual studio 2012\Projects\OOPLabWork01\OOPLabWork01\Debug\vc110.pdb
C:\Users\SolLA\documents\visual studio 2012\Projects\OOPLabWork01\Debug\OOPLabWork01.pdb
C:\Users\SolLA\documents\visual studio 2012\Projects\OOPLabWork01\Debug\OOPLabWork01.exe
C:\Users\SolLA\documents\visual studio 2012\Projects\OOPLabWork01\Debug\OOPLabWork01.ilk
